[Sun Dec  4 18:08:34 2011]        SCRIPT -> Initializing script loader...
[Sun Dec  4 18:08:34 2011]        SCRIPT -> Lua version: Lua 5.1
[Sun Dec  4 18:08:34 2011]        SCRIPT -> Executing script main
[Sun Dec  4 18:08:34 2011]        SCRIPT -> WARNING: Script not found
[Sun Dec  4 18:08:34 2011]        SYSTEM -> Initializing system interface...
[Sun Dec  4 18:08:34 2011]    CONTROLLER -> Dagon Version 0.5.6 Build 1000
[Sun Dec  4 18:08:34 2011]    CONTROLLER -> Initializing main controller...
[Sun Dec  4 18:08:34 2011]          CORE -> Initializing core model...
[Sun Dec  4 18:08:34 2011]         STATE -> Initializing state machine...
[Sun Dec  4 18:08:34 2011]        RENDER -> Initializing render system...
[Sun Dec  4 18:08:34 2011]        RENDER -> OpenGL version: 2.1 ATI-7.14.5
[Sun Dec  4 18:08:34 2011]       EFFECTS -> Initializing effects manager...
[Sun Dec  4 18:08:34 2011]        CAMERA -> Initializing camera manager...
[Sun Dec  4 18:08:34 2011]        CAMERA -> Viewport size: 1024x790
[Sun Dec  4 18:08:34 2011]          FONT -> Initializing font manager...
[Sun Dec  4 18:08:34 2011]          FONT -> Freetype version: 2.3.9
[Sun Dec  4 18:08:35 2011]         VIDEO -> Initializing video manager...
[Sun Dec  4 18:08:35 2011]    CONTROLLER -> Initialization complete!
[Sun Dec  4 18:08:58 2011]        RENDER -> ERROR: OpenGL error: invalid framebuffer operation
[Sun Dec  4 18:09:09 2011]    CONTROLLER -> Finalizing...
